<?xml version="1.0" encoding="UTF-8"?>
<!-- Generated by org.testng.reporters.JUnitXMLReporter -->
<testsuite hostname="DESKTOP-437EQGF" name="MobileAppAutomationTestSuite.AppiumDriverBase" tests="23" failures="8" timestamp="30 Jun 2019 06:57:32 GMT" time="160.727" errors="0">
  <testcase name="SearchItem" time="24.316" classname="MobileAppAutomationTestSuite.AppiumDriverBase"/>
  <testcase name="SearchItem" time="24.236" classname="MobileAppAutomationTestSuite.AppiumDriverBase"/>
  <testcase name="SearchItem" time="23.122" classname="MobileAppAutomationTestSuite.AppiumDriverBase"/>
  <testcase name="OpenItemDescriptionPage" time="7.036" classname="MobileAppAutomationTestSuite.AppiumDriverBase">
    <failure type="java.lang.AssertionError" message="Can not find element with class name as">
      <![CDATA[java.lang.AssertionError: Can not find element with class name as
	at MobileAppAutomationTestSuite.AppiumDriverBase.OpenItemDescriptionPage(AppiumDriverBase.java:112)
... Removed 26 stack frames]]>
    </failure>
  </testcase> <!-- OpenItemDescriptionPage -->
  <testcase name="OpenItemDescriptionPage" time="6.079" classname="MobileAppAutomationTestSuite.AppiumDriverBase">
    <failure type="java.lang.AssertionError" message="Can not find element with class name as">
      <![CDATA[java.lang.AssertionError: Can not find element with class name as
	at MobileAppAutomationTestSuite.AppiumDriverBase.OpenItemDescriptionPage(AppiumDriverBase.java:112)
... Removed 26 stack frames]]>
    </failure>
  </testcase> <!-- OpenItemDescriptionPage -->
  <testcase name="OpenItemDescriptionPage" time="2.609" classname="MobileAppAutomationTestSuite.AppiumDriverBase"/>
  <testcase name="AddItemToCart" time="0.0" classname="MobileAppAutomationTestSuite.AppiumDriverBase">
    <skipped/>
  </testcase> <!-- AddItemToCart -->
  <testcase name="OpenCart" time="0.0" classname="MobileAppAutomationTestSuite.AppiumDriverBase">
    <skipped/>
  </testcase> <!-- OpenCart -->
  <testcase name="PlaceOrder" time="0.0" classname="MobileAppAutomationTestSuite.AppiumDriverBase">
    <skipped/>
  </testcase> <!-- PlaceOrder -->
  <testcase name="SearchItem" time="5.006" classname="MobileAppAutomationTestSuite.AppiumDriverBase">
    <failure type="java.lang.NullPointerException">
      <![CDATA[java.lang.NullPointerException
	at MobileAppAutomationTestSuite.AppiumDriverBase.SearchItem(AppiumDriverBase.java:94)
... Removed 25 stack frames]]>
    </failure>
  </testcase> <!-- SearchItem -->
  <testcase name="SearchItem" time="5.003" classname="MobileAppAutomationTestSuite.AppiumDriverBase">
    <failure type="java.lang.NullPointerException">
      <![CDATA[java.lang.NullPointerException
	at MobileAppAutomationTestSuite.AppiumDriverBase.SearchItem(AppiumDriverBase.java:94)
... Removed 25 stack frames]]>
    </failure>
  </testcase> <!-- SearchItem -->
  <testcase name="SearchItem" time="5.011" classname="MobileAppAutomationTestSuite.AppiumDriverBase">
    <failure type="java.lang.NullPointerException">
      <![CDATA[java.lang.NullPointerException
	at MobileAppAutomationTestSuite.AppiumDriverBase.SearchItem(AppiumDriverBase.java:94)
... Removed 25 stack frames]]>
    </failure>
  </testcase> <!-- SearchItem -->
  <testcase name="OpenItemDescriptionPage" time="0.0" classname="MobileAppAutomationTestSuite.AppiumDriverBase">
    <skipped/>
  </testcase> <!-- OpenItemDescriptionPage -->
  <testcase name="AddItemToCart" time="0.0" classname="MobileAppAutomationTestSuite.AppiumDriverBase">
    <skipped/>
  </testcase> <!-- AddItemToCart -->
  <testcase name="OpenCart" time="0.0" classname="MobileAppAutomationTestSuite.AppiumDriverBase">
    <skipped/>
  </testcase> <!-- OpenCart -->
  <testcase name="PlaceOrder" time="0.0" classname="MobileAppAutomationTestSuite.AppiumDriverBase">
    <skipped/>
  </testcase> <!-- PlaceOrder -->
  <testcase name="SearchItem" time="5.003" classname="MobileAppAutomationTestSuite.AppiumDriverBase">
    <failure type="java.lang.NullPointerException">
      <![CDATA[java.lang.NullPointerException
	at MobileAppAutomationTestSuite.AppiumDriverBase.SearchItem(AppiumDriverBase.java:94)
... Removed 25 stack frames]]>
    </failure>
  </testcase> <!-- SearchItem -->
  <testcase name="SearchItem" time="5.011" classname="MobileAppAutomationTestSuite.AppiumDriverBase">
    <failure type="java.lang.NullPointerException">
      <![CDATA[java.lang.NullPointerException
	at MobileAppAutomationTestSuite.AppiumDriverBase.SearchItem(AppiumDriverBase.java:94)
... Removed 25 stack frames]]>
    </failure>
  </testcase> <!-- SearchItem -->
  <testcase name="SearchItem" time="5.0" classname="MobileAppAutomationTestSuite.AppiumDriverBase">
    <failure type="java.lang.NullPointerException">
      <![CDATA[java.lang.NullPointerException
	at MobileAppAutomationTestSuite.AppiumDriverBase.SearchItem(AppiumDriverBase.java:94)
... Removed 25 stack frames]]>
    </failure>
  </testcase> <!-- SearchItem -->
  <testcase name="OpenItemDescriptionPage" time="0.0" classname="MobileAppAutomationTestSuite.AppiumDriverBase">
    <skipped/>
  </testcase> <!-- OpenItemDescriptionPage -->
  <testcase name="AddItemToCart" time="0.0" classname="MobileAppAutomationTestSuite.AppiumDriverBase">
    <skipped/>
  </testcase> <!-- AddItemToCart -->
  <testcase name="OpenCart" time="0.0" classname="MobileAppAutomationTestSuite.AppiumDriverBase">
    <skipped/>
  </testcase> <!-- OpenCart -->
  <testcase name="PlaceOrder" time="0.0" classname="MobileAppAutomationTestSuite.AppiumDriverBase">
    <skipped/>
  </testcase> <!-- PlaceOrder -->
</testsuite> <!-- MobileAppAutomationTestSuite.AppiumDriverBase -->
