<?xml version="1.0" encoding="UTF-8"?>
<!-- Generated by org.testng.reporters.JUnitReportReporter -->
<testsuite skipped="0" hostname="DESKTOP-437EQGF" name="SeleniumUIAutomationTestSuite.SeleniumTest" tests="7" failures="1" timestamp="30 Jun 2019 15:33:57 GMT" time="159.880" errors="0">
  <testcase name="SearchItemAndAddToCart" time="32.836" classname="SeleniumUIAutomationTestSuite.SeleniumTest"/>
  <testcase name="RemoveAnItemFromCart" time="5.089" classname="SeleniumUIAutomationTestSuite.SeleniumTest">
    <failure type="java.lang.AssertionError" message="no such element: Unable to locate element: {&quot;method&quot;:&quot;xpath&quot;,&quot;selector&quot;:&quot;*[@id=&#039;sc-item-Ce52ccab4-c569-40df-bc82-c0822c8c776c&#039;]/div[4]/div/div[1]/div/div/div[2]/div/span[1]/span/input&quot;}
  (Session info: chrome=75.0.3770.100)
For documentation on this error, please visit: https://www.seleniumhq.org/exceptions/no_such_element.html
Build info: version: &#039;3.141.59&#039;, revision: &#039;e82be7d358&#039;, time: &#039;2018-11-14T08:17:03&#039;
System info: host: &#039;DESKTOP-437EQGF&#039;, ip: &#039;10.0.75.1&#039;, os.name: &#039;Windows 10&#039;, os.arch: &#039;amd64&#039;, os.version: &#039;10.0&#039;, java.version: &#039;1.8.0_192&#039;
Driver info: org.openqa.selenium.chrome.ChromeDriver
Capabilities {acceptInsecureCerts: false, browserName: chrome, browserVersion: 75.0.3770.100, chrome: {chromedriverVersion: 75.0.3770.90 (a6dcaf7e3ec6f..., userDataDir: C:\Users\rahul\AppData\Loca...}, goog:chromeOptions: {debuggerAddress: localhost:52739}, javascriptEnabled: true, networkConnectionEnabled: false, pageLoadStrategy: normal, platform: XP, platformName: XP, proxy: Proxy(), setWindowRect: true, strictFileInteractability: false, timeouts: {implicit: 0, pageLoad: 300000, script: 30000}, unhandledPromptBehavior: dismiss and notify}
Session ID: c83d39f7a69c208e60351215d272b355
*** Element info: {Using=xpath, value=*[@id=&#039;sc-item-Ce52ccab4-c569-40df-bc82-c0822c8c776c&#039;]/div[4]/div/div[1]/div/div/div[2]/div/span[1]/span/input}">
      <![CDATA[java.lang.AssertionError: no such element: Unable to locate element: {"method":"xpath","selector":"*[@id='sc-item-Ce52ccab4-c569-40df-bc82-c0822c8c776c']/div[4]/div/div[1]/div/div/div[2]/div/span[1]/span/input"}
  (Session info: chrome=75.0.3770.100)
For documentation on this error, please visit: https://www.seleniumhq.org/exceptions/no_such_element.html
Build info: version: '3.141.59', revision: 'e82be7d358', time: '2018-11-14T08:17:03'
System info: host: 'DESKTOP-437EQGF', ip: '10.0.75.1', os.name: 'Windows 10', os.arch: 'amd64', os.version: '10.0', java.version: '1.8.0_192'
Driver info: org.openqa.selenium.chrome.ChromeDriver
Capabilities {acceptInsecureCerts: false, browserName: chrome, browserVersion: 75.0.3770.100, chrome: {chromedriverVersion: 75.0.3770.90 (a6dcaf7e3ec6f..., userDataDir: C:\Users\rahul\AppData\Loca...}, goog:chromeOptions: {debuggerAddress: localhost:52739}, javascriptEnabled: true, networkConnectionEnabled: false, pageLoadStrategy: normal, platform: XP, platformName: XP, proxy: Proxy(), setWindowRect: true, strictFileInteractability: false, timeouts: {implicit: 0, pageLoad: 300000, script: 30000}, unhandledPromptBehavior: dismiss and notify}
Session ID: c83d39f7a69c208e60351215d272b355
*** Element info: {Using=xpath, value=*[@id='sc-item-Ce52ccab4-c569-40df-bc82-c0822c8c776c']/div[4]/div/div[1]/div/div/div[2]/div/span[1]/span/input}
	at org.testng.Assert.fail(Assert.java:94)
	at SeleniumUIAutomationTestSuite.SeleniumTest.RemoveAnItemFromCart(SeleniumTest.java:169)
	at sun.reflect.NativeMethodAccessorImpl.invoke0(Native Method)
	at sun.reflect.NativeMethodAccessorImpl.invoke(NativeMethodAccessorImpl.java:62)
	at sun.reflect.DelegatingMethodAccessorImpl.invoke(DelegatingMethodAccessorImpl.java:43)
	at java.lang.reflect.Method.invoke(Method.java:498)
	at org.testng.internal.MethodInvocationHelper.invokeMethod(MethodInvocationHelper.java:100)
	at org.testng.internal.Invoker.invokeMethod(Invoker.java:646)
	at org.testng.internal.Invoker.invokeTestMethod(Invoker.java:811)
	at org.testng.internal.Invoker.invokeTestMethods(Invoker.java:1137)
	at org.testng.internal.TestMethodWorker.invokeTestMethods(TestMethodWorker.java:129)
	at org.testng.internal.TestMethodWorker.run(TestMethodWorker.java:112)
	at org.testng.TestRunner.privateRun(TestRunner.java:753)
	at org.testng.TestRunner.run(TestRunner.java:607)
	at org.testng.SuiteRunner.runTest(SuiteRunner.java:368)
	at org.testng.SuiteRunner.runSequentially(SuiteRunner.java:363)
	at org.testng.SuiteRunner.privateRun(SuiteRunner.java:321)
	at org.testng.SuiteRunner.run(SuiteRunner.java:270)
	at org.testng.SuiteRunnerWorker.runSuite(SuiteRunnerWorker.java:52)
	at org.testng.SuiteRunnerWorker.run(SuiteRunnerWorker.java:86)
	at org.testng.TestNG.runSuitesSequentially(TestNG.java:1284)
	at org.testng.TestNG.runSuitesLocally(TestNG.java:1209)
	at org.testng.TestNG.runSuites(TestNG.java:1124)
	at org.testng.TestNG.run(TestNG.java:1096)
	at org.testng.remote.AbstractRemoteTestNG.run(AbstractRemoteTestNG.java:132)
	at org.testng.remote.RemoteTestNG.initAndRun(RemoteTestNG.java:236)
	at org.testng.remote.RemoteTestNG.main(RemoteTestNG.java:81)
]]>
    </failure>
  </testcase> <!-- RemoveAnItemFromCart -->
  <testcase name="SearchItemAndAddToCart" time="32.047" classname="SeleniumUIAutomationTestSuite.SeleniumTest"/>
  <testcase name="OpenCart" time="10.071" classname="SeleniumUIAutomationTestSuite.SeleniumTest"/>
  <testcase name="SearchItemAndAddToCart" time="46.465" classname="SeleniumUIAutomationTestSuite.SeleniumTest"/>
  <testcase name="SearchItemAndAddToCart" time="32.153" classname="SeleniumUIAutomationTestSuite.SeleniumTest"/>
  <testcase name="LoadAmazonWebsiteTestCase" time="1.219" classname="SeleniumUIAutomationTestSuite.SeleniumTest"/>
</testsuite> <!-- SeleniumUIAutomationTestSuite.SeleniumTest -->
